--- Copying files at Wed Jan 11 14:33:02 UTC 2023
--- Copying files at Fri Jan 13 12:16:16 UTC 2023
--- Copying files at Fri Jan 13 12:53:21 UTC 2023
--- Copying files at Fri Jan 13 14:40:21 UTC 2023
--- Copying files at Fri Jan 13 15:16:02 UTC 2023
--- Copying files at Fri Jan 13 15:16:52 UTC 2023
--- Copying files at Fri Jan 13 15:23:38 UTC 2023
--- Copying files at Sun Jan 15 13:44:23 UTC 2023
--- Copying files at Sun Jan 15 19:31:47 UTC 2023
--- Copying files at Sun Jan 15 20:00:52 UTC 2023
--- Copying files at Sun Jan 15 23:08:41 UTC 2023
--- Copying files at Mon Jan 16 00:23:27 UTC 2023
--- Copying files at Mon Jan 16 00:42:34 UTC 2023
--- Copying files at Mon Jan 16 01:05:42 UTC 2023
--- Copying files at Mon Jan 16 14:51:26 UTC 2023
--- Copying files at Mon Jan 16 15:13:41 UTC 2023
--- Copying files at Mon Jan 16 15:53:01 UTC 2023
--- Copying files at Mon Jan 16 18:31:21 UTC 2023
--- Copying files at Tue Jan 17 11:39:45 UTC 2023
--- Copying files at Thu Jan 19 04:03:49 UTC 2023
--- Copying files at Thu Jan 19 08:13:45 UTC 2023
--- Copying files at Thu Jan 19 08:21:21 UTC 2023
--- Copying files at Thu Jan 19 08:27:26 UTC 2023
--- Copying files at Thu Jan 19 08:27:49 UTC 2023
--- Copying files at Thu Jan 19 08:27:56 UTC 2023
--- Copying files at Thu Jan 19 08:28:21 UTC 2023
--- Copying files at Thu Jan 19 08:28:34 UTC 2023
--- Copying files at Thu Jan 19 08:29:03 UTC 2023
--- Copying files at Thu Jan 19 08:29:18 UTC 2023
--- Copying files at Thu Jan 19 08:29:25 UTC 2023
--- Copying files at Thu Jan 19 08:30:39 UTC 2023
--- Copying files at Thu Jan 19 08:31:52 UTC 2023
--- Copying files at Thu Jan 19 08:32:21 UTC 2023
--- Copying files at Thu Jan 19 12:41:50 UTC 2023
--- Copying files at Thu Jan 19 14:34:42 UTC 2023
--- Copying files at Thu Jan 19 14:40:31 UTC 2023
--- Copying files at Thu Jan 19 14:50:42 UTC 2023
--- Copying files at Thu Jan 19 15:27:00 UTC 2023
--- Copying files at Thu Jan 19 15:31:19 UTC 2023
--- Copying files at Thu Jan 19 15:32:30 UTC 2023
--- Copying files at Thu Jan 19 15:33:49 UTC 2023
--- Copying files at Thu Jan 19 15:34:37 UTC 2023
--- Copying files at Thu Jan 19 15:35:17 UTC 2023
--- Copying files at Thu Jan 19 15:37:38 UTC 2023
--- Copying files at Thu Jan 19 15:42:39 UTC 2023
--- Copying files at Fri Jan 20 08:22:54 UTC 2023
--- Copying files at Fri Jan 20 20:14:43 UTC 2023
--- Copying files at Fri Jan 20 20:27:45 UTC 2023
--- Copying files at Fri Jan 20 20:41:00 UTC 2023
--- Copying files at Fri Jan 20 21:50:34 UTC 2023
--- Copying files at Fri Jan 20 22:45:16 UTC 2023
--- Copying files at Fri Jan 20 23:01:46 UTC 2023
--- Copying files at Sat Jan 21 12:14:58 UTC 2023
